Loading modules
Running model starting at niter0=2160000 for nTimeSteps=720000
NORMAL END
NORMAL END
NORMAL END
NORMAL END
NORMAL END
NORMAL END
NORMAL END
NORMAL END
NORMAL END
NORMAL END
NORMAL END
NORMAL END
NORMAL END
NORMAL END
NORMAL END
NORMAL END
NORMAL END
NORMAL END
NORMAL END
NORMAL END
NORMAL END
NORMAL END
NORMAL END
NORMAL END
NORMAL END
NORMAL END
NORMAL END
NORMAL END
NORMAL END
NORMAL END
NORMAL END
NORMAL END
NORMAL END
NORMAL END
NORMAL END
NORMAL END
NORMAL END
NORMAL END
NORMAL END
NORMAL END
NORMAL END
NORMAL END
NORMAL END
NORMAL END
NORMAL END
NORMAL END
NORMAL END
NORMAL END
NORMAL END
NORMAL END
NORMAL END
NORMAL END
NORMAL END
NORMAL END
NORMAL END
NORMAL END
NORMAL END
NORMAL END
NORMAL END
NORMAL END
NORMAL END
NORMAL END
NORMAL END
NORMAL END
NORMAL END
NORMAL END
NORMAL END
NORMAL END
NORMAL END
NORMAL END
NORMAL END
NORMAL END
NORMAL END
NORMAL END
NORMAL END
NORMAL END
NORMAL END
NORMAL END
NORMAL END
NORMAL END
NORMAL END
NORMAL END
NORMAL END
NORMAL END
NORMAL END
NORMAL END
NORMAL END
NORMAL END
NORMAL END
NORMAL END
NORMAL END
NORMAL END
NORMAL END
NORMAL END
NORMAL END
NORMAL END
NORMAL END
NORMAL END
NORMAL END
NORMAL END
NORMAL END
NORMAL END
NORMAL END
NORMAL END
NORMAL END
NORMAL END
NORMAL END
NORMAL END
NORMAL END
NORMAL END
NORMAL END
NORMAL END
NORMAL END
NORMAL END
NORMAL END
NORMAL END
NORMAL END
NORMAL END
NORMAL END
NORMAL END
NORMAL END
NORMAL END
NORMAL END
NORMAL END
NORMAL END
NORMAL END
NORMAL END
NORMAL END
Model run completed in 118103 seconds
Replaced niter0 = 2160000 with niter0 =  in data input file
Submitted batch job 26432565
