Loading modules
Running model starting at niter0=720000 for nTimeSteps=720000
NORMAL END
NORMAL END
NORMAL END
NORMAL END
NORMAL END
NORMAL END
NORMAL END
NORMAL END
NORMAL END
NORMAL END
NORMAL END
NORMAL END
NORMAL END
NORMAL END
NORMAL END
NORMAL END
NORMAL END
NORMAL END
NORMAL END
NORMAL END
NORMAL END
NORMAL END
NORMAL END
NORMAL END
NORMAL END
NORMAL END
NORMAL END
NORMAL END
NORMAL END
NORMAL END
NORMAL END
NORMAL END
NORMAL END
NORMAL END
NORMAL END
NORMAL END
NORMAL END
NORMAL END
NORMAL END
NORMAL END
NORMAL END
NORMAL END
NORMAL END
NORMAL END
NORMAL END
NORMAL END
NORMAL END
NORMAL END
NORMAL END
NORMAL END
NORMAL END
NORMAL END
NORMAL END
NORMAL END
NORMAL END
NORMAL END
NORMAL END
NORMAL END
NORMAL END
NORMAL END
NORMAL END
NORMAL END
NORMAL END
NORMAL END
NORMAL END
NORMAL END
NORMAL END
NORMAL END
NORMAL END
NORMAL END
NORMAL END
NORMAL END
NORMAL END
NORMAL END
NORMAL END
NORMAL END
NORMAL END
NORMAL END
NORMAL END
NORMAL END
NORMAL END
NORMAL END
NORMAL END
NORMAL END
NORMAL END
NORMAL END
NORMAL END
NORMAL END
NORMAL END
NORMAL END
NORMAL END
NORMAL END
NORMAL END
NORMAL END
NORMAL END
NORMAL END
NORMAL END
NORMAL END
NORMAL END
NORMAL END
NORMAL END
NORMAL END
NORMAL END
NORMAL END
NORMAL END
NORMAL END
NORMAL END
NORMAL END
NORMAL END
NORMAL END
NORMAL END
NORMAL END
NORMAL END
NORMAL END
NORMAL END
NORMAL END
NORMAL END
NORMAL END
NORMAL END
NORMAL END
NORMAL END
NORMAL END
NORMAL END
NORMAL END
NORMAL END
NORMAL END
NORMAL END
NORMAL END
Model run completed in 117494 seconds
Replaced niter0 = 720000 with niter0 =  in data input file
Submitted batch job 26395187
