Loading modules
Running model starting at niter0=0 for nTimeSteps=720000
NORMAL END
NORMAL END
NORMAL END
NORMAL END
NORMAL END
NORMAL END
NORMAL END
NORMAL END
NORMAL END
NORMAL END
NORMAL END
NORMAL END
NORMAL END
NORMAL END
NORMAL END
NORMAL END
NORMAL END
NORMAL END
NORMAL END
NORMAL END
NORMAL END
NORMAL END
NORMAL END
NORMAL END
NORMAL END
NORMAL END
NORMAL END
NORMAL END
NORMAL END
NORMAL END
NORMAL END
NORMAL END
NORMAL END
NORMAL END
NORMAL END
NORMAL END
NORMAL END
NORMAL END
NORMAL END
NORMAL END
NORMAL END
NORMAL END
NORMAL END
NORMAL END
NORMAL END
NORMAL END
NORMAL END
NORMAL END
NORMAL END
NORMAL END
NORMAL END
NORMAL END
NORMAL END
NORMAL END
NORMAL END
NORMAL END
NORMAL END
NORMAL END
NORMAL END
NORMAL END
NORMAL END
NORMAL END
NORMAL END
NORMAL END
NORMAL END
NORMAL END
NORMAL END
NORMAL END
NORMAL END
NORMAL END
NORMAL END
NORMAL END
NORMAL END
NORMAL END
NORMAL END
NORMAL END
NORMAL END
NORMAL END
NORMAL END
NORMAL END
NORMAL END
NORMAL END
NORMAL END
NORMAL END
NORMAL END
NORMAL END
NORMAL END
NORMAL END
NORMAL END
NORMAL END
NORMAL END
NORMAL END
NORMAL END
NORMAL END
NORMAL END
NORMAL END
NORMAL END
NORMAL END
NORMAL END
NORMAL END
NORMAL END
NORMAL END
NORMAL END
NORMAL END
NORMAL END
NORMAL END
NORMAL END
NORMAL END
NORMAL END
NORMAL END
NORMAL END
NORMAL END
NORMAL END
NORMAL END
NORMAL END
NORMAL END
NORMAL END
NORMAL END
NORMAL END
NORMAL END
NORMAL END
NORMAL END
NORMAL END
NORMAL END
NORMAL END
NORMAL END
NORMAL END
NORMAL END
Model run completed in 114610 seconds
Replaced niter0 = 0 with niter0 =  in data input file
Submitted batch job 26350987
