Loading modules
Running model starting at niter0=1440000 for nTimeSteps=720000
NORMAL END
NORMAL END
NORMAL END
NORMAL END
NORMAL END
NORMAL END
NORMAL END
NORMAL END
NORMAL END
NORMAL END
NORMAL END
NORMAL END
NORMAL END
NORMAL END
NORMAL END
NORMAL END
NORMAL END
NORMAL END
NORMAL END
NORMAL END
NORMAL END
NORMAL END
NORMAL END
NORMAL END
NORMAL END
NORMAL END
NORMAL END
NORMAL END
NORMAL END
NORMAL END
NORMAL END
NORMAL END
NORMAL END
NORMAL END
NORMAL END
NORMAL END
NORMAL END
NORMAL END
NORMAL END
NORMAL END
NORMAL END
NORMAL END
NORMAL END
NORMAL END
NORMAL END
NORMAL END
NORMAL END
NORMAL END
NORMAL END
NORMAL END
NORMAL END
NORMAL END
NORMAL END
NORMAL END
NORMAL END
NORMAL END
NORMAL END
NORMAL END
NORMAL END
NORMAL END
NORMAL END
NORMAL END
NORMAL END
NORMAL END
NORMAL END
NORMAL END
NORMAL END
NORMAL END
NORMAL END
NORMAL END
NORMAL END
NORMAL END
NORMAL END
NORMAL END
NORMAL END
NORMAL END
NORMAL END
NORMAL END
NORMAL END
NORMAL END
NORMAL END
NORMAL END
NORMAL END
NORMAL END
NORMAL END
NORMAL END
NORMAL END
NORMAL END
NORMAL END
NORMAL END
NORMAL END
NORMAL END
NORMAL END
NORMAL END
NORMAL END
NORMAL END
NORMAL END
NORMAL END
NORMAL END
NORMAL END
NORMAL END
NORMAL END
NORMAL END
NORMAL END
NORMAL END
NORMAL END
NORMAL END
NORMAL END
NORMAL END
NORMAL END
NORMAL END
NORMAL END
NORMAL END
NORMAL END
NORMAL END
NORMAL END
NORMAL END
NORMAL END
NORMAL END
NORMAL END
NORMAL END
NORMAL END
NORMAL END
NORMAL END
NORMAL END
NORMAL END
NORMAL END
NORMAL END
Model run completed in 117544 seconds
Replaced niter0 = 1440000 with niter0 =  in data input file
Submitted batch job 26411636
